[2026-02-05 19:03:07] === Health Check Started ===
[2026-02-05 19:03:07] ❌ Process not found, restarting...
[2026-02-05 19:03:07] Restarting OpenClaw Gateway...
(node:22318) [DEP0040] DeprecationWarning: The `punycode` module is deprecated. Please use a userland alternative instead.
(Use `node --trace-deprecation ...` to show where the warning was created)
Restarted LaunchAgent: gui/501/ai.openclaw.gateway
[2026-02-05 19:03:39] ✅ Gateway healthy
[2026-02-05 19:03:39] === Health Check Completed ===
[2026-02-05 19:08:39] === Health Check Started ===
[2026-02-05 19:08:39] ❌ Process not found, restarting...
[2026-02-05 19:08:39] Restarting OpenClaw Gateway...
(node:24314) [DEP0040] DeprecationWarning: The `punycode` module is deprecated. Please use a userland alternative instead.
(Use `node --trace-deprecation ...` to show where the warning was created)
Restarted LaunchAgent: gui/501/ai.openclaw.gateway
[2026-02-05 19:09:11] ✅ Gateway healthy
[2026-02-05 19:09:11] === Health Check Completed ===
[2026-02-05 19:14:11] === Health Check Started ===
[2026-02-05 19:14:11] ❌ Process not found, restarting...
[2026-02-05 19:14:11] Restarting OpenClaw Gateway...
(node:26494) [DEP0040] DeprecationWarning: The `punycode` module is deprecated. Please use a userland alternative instead.
(Use `node --trace-deprecation ...` to show where the warning was created)
Restarted LaunchAgent: gui/501/ai.openclaw.gateway
[2026-02-05 19:14:43] ✅ Gateway healthy
[2026-02-05 19:14:43] === Health Check Completed ===
[2026-02-05 19:19:43] === Health Check Started ===
[2026-02-05 19:19:43] ❌ Process not found, restarting...
[2026-02-05 19:19:43] Restarting OpenClaw Gateway...
(node:28419) [DEP0040] DeprecationWarning: The `punycode` module is deprecated. Please use a userland alternative instead.
(Use `node --trace-deprecation ...` to show where the warning was created)
Restarted LaunchAgent: gui/501/ai.openclaw.gateway
[2026-02-05 19:20:15] ✅ Gateway healthy
[2026-02-05 19:20:15] === Health Check Completed ===
[2026-02-05 19:25:15] === Health Check Started ===
[2026-02-05 19:25:15] ❌ Process not found, restarting...
[2026-02-05 19:25:15] Restarting OpenClaw Gateway...
(node:30594) [DEP0040] DeprecationWarning: The `punycode` module is deprecated. Please use a userland alternative instead.
(Use `node --trace-deprecation ...` to show where the warning was created)
Restarted LaunchAgent: gui/501/ai.openclaw.gateway
[2026-02-05 19:25:47] ✅ Gateway healthy
[2026-02-05 19:25:47] === Health Check Completed ===
[2026-02-05 19:30:31] === Health Check Started ===
[2026-02-05 19:30:31] ❌ Process not found, restarting...
[2026-02-05 19:30:31] Restarting OpenClaw Gateway...
Restarted LaunchAgent: gui/501/ai.openclaw.gateway
[2026-02-05 19:30:47] === Health Check Started ===
[2026-02-05 19:30:48] ❌ Process not found, restarting...
[2026-02-05 19:30:48] Restarting OpenClaw Gateway...
(node:32727) [DEP0040] DeprecationWarning: The `punycode` module is deprecated. Please use a userland alternative instead.
(Use `node --trace-deprecation ...` to show where the warning was created)
Restarted LaunchAgent: gui/501/ai.openclaw.gateway
[2026-02-05 19:31:03] ✅ Gateway healthy
[2026-02-05 19:31:03] === Health Check Completed ===
[2026-02-05 19:31:20] ✅ Gateway healthy
[2026-02-05 19:31:20] === Health Check Completed ===
[2026-02-05 19:31:55] === Health Check Started ===
[2026-02-05 19:31:55] ❌ Process not found, restarting...
[2026-02-05 19:31:55] Restarting OpenClaw Gateway...
Restarted LaunchAgent: gui/501/ai.openclaw.gateway
[2026-02-05 19:32:27] ✅ Gateway healthy
[2026-02-05 19:32:27] === Health Check Completed ===
[2026-02-05 19:34:02] === Health Check Started ===
[2026-02-05 19:34:02] ✅ Gateway healthy
[2026-02-05 19:34:02] === Health Check Completed ===
[2026-02-05 19:36:20] === Health Check Started ===
[2026-02-05 19:36:20] ✅ Gateway healthy
[2026-02-05 19:36:20] === Health Check Completed ===
[2026-02-05 19:41:20] === Health Check Started ===
[2026-02-05 19:41:20] ✅ Gateway healthy
[2026-02-05 19:41:20] === Health Check Completed ===
[2026-02-05 19:46:20] === Health Check Started ===
[2026-02-05 19:46:20] ✅ Gateway healthy
[2026-02-05 19:46:20] === Health Check Completed ===
[2026-02-05 19:51:20] === Health Check Started ===
[2026-02-05 19:51:20] ✅ Gateway healthy
[2026-02-05 19:51:20] === Health Check Completed ===
[2026-02-05 19:56:20] === Health Check Started ===
[2026-02-05 19:56:20] ✅ Gateway healthy
[2026-02-05 19:56:20] === Health Check Completed ===
[2026-02-05 20:01:20] === Health Check Started ===
[2026-02-05 20:01:20] ✅ Gateway healthy
[2026-02-05 20:01:20] === Health Check Completed ===
[2026-02-05 20:06:20] === Health Check Started ===
[2026-02-05 20:06:20] ✅ Gateway healthy
[2026-02-05 20:06:20] === Health Check Completed ===
[2026-02-05 20:11:20] === Health Check Started ===
[2026-02-05 20:11:20] ✅ Gateway healthy
[2026-02-05 20:11:20] === Health Check Completed ===
[2026-02-05 20:16:20] === Health Check Started ===
[2026-02-05 20:16:21] ✅ Gateway healthy
[2026-02-05 20:16:21] === Health Check Completed ===
[2026-02-05 20:21:21] === Health Check Started ===
[2026-02-05 20:21:21] ✅ Gateway healthy
[2026-02-05 20:21:21] === Health Check Completed ===
[2026-02-05 20:26:21] === Health Check Started ===
[2026-02-05 20:26:21] ✅ Gateway healthy
[2026-02-05 20:26:21] === Health Check Completed ===
[2026-02-05 20:31:21] === Health Check Started ===
[2026-02-05 20:31:21] ✅ Gateway healthy
[2026-02-05 20:31:21] === Health Check Completed ===
[2026-02-05 20:36:21] === Health Check Started ===
[2026-02-05 20:36:21] ✅ Gateway healthy
[2026-02-05 20:36:21] === Health Check Completed ===
[2026-02-05 20:41:21] === Health Check Started ===
[2026-02-05 20:41:21] ✅ Gateway healthy
[2026-02-05 20:41:21] === Health Check Completed ===
[2026-02-05 20:46:21] === Health Check Started ===
[2026-02-05 20:46:21] ✅ Gateway healthy
[2026-02-05 20:46:21] === Health Check Completed ===
[2026-02-05 20:51:21] === Health Check Started ===
[2026-02-05 20:51:21] HTTP check failed: 000
[2026-02-05 20:51:21] ⚠️ Gateway unhealthy (HTTP failed)
[2026-02-05 20:51:21] Retry 1/3...
[2026-02-05 20:51:21] Restarting OpenClaw Gateway...
(node:62874) [DEP0040] DeprecationWarning: The `punycode` module is deprecated. Please use a userland alternative instead.
(Use `node --trace-deprecation ...` to show where the warning was created)
Gateway service not loaded.
Start with: openclaw gateway install
Start with: openclaw gateway
Start with: launchctl bootstrap gui/$UID ~/Library/LaunchAgents/ai.openclaw.gateway.plist
[2026-02-05 20:51:53] HTTP check failed: 000
[2026-02-05 20:51:53] Retry 2/3...
[2026-02-05 20:51:53] Restarting OpenClaw Gateway...
(node:63021) [DEP0040] DeprecationWarning: The `punycode` module is deprecated. Please use a userland alternative instead.
(Use `node --trace-deprecation ...` to show where the warning was created)
Gateway service not loaded.
Start with: openclaw gateway install
Start with: openclaw gateway
Start with: launchctl bootstrap gui/$UID ~/Library/LaunchAgents/ai.openclaw.gateway.plist
[2026-02-05 20:52:25] ✅ Recovery successful on retry 2
[2026-02-05 20:57:25] === Health Check Started ===
[2026-02-05 20:57:25] ✅ Gateway healthy
[2026-02-05 20:57:25] === Health Check Completed ===
[2026-02-05 21:02:25] === Health Check Started ===
[2026-02-05 21:02:25] ✅ Gateway healthy
[2026-02-05 21:02:25] === Health Check Completed ===
