[2026-02-05 19:03:07] === Health Check Started ===
[2026-02-05 19:03:07] ❌ Process not found, restarting...
[2026-02-05 19:03:07] Restarting OpenClaw Gateway...
[2026-02-05 19:03:39] ✅ Gateway healthy
[2026-02-05 19:03:39] === Health Check Completed ===
[2026-02-05 19:08:39] === Health Check Started ===
[2026-02-05 19:08:39] ❌ Process not found, restarting...
[2026-02-05 19:08:39] Restarting OpenClaw Gateway...
[2026-02-05 19:09:11] ✅ Gateway healthy
[2026-02-05 19:09:11] === Health Check Completed ===
[2026-02-05 19:14:11] === Health Check Started ===
[2026-02-05 19:14:11] ❌ Process not found, restarting...
[2026-02-05 19:14:11] Restarting OpenClaw Gateway...
[2026-02-05 19:14:43] ✅ Gateway healthy
[2026-02-05 19:14:43] === Health Check Completed ===
[2026-02-05 19:19:43] === Health Check Started ===
[2026-02-05 19:19:43] ❌ Process not found, restarting...
[2026-02-05 19:19:43] Restarting OpenClaw Gateway...
[2026-02-05 19:20:15] ✅ Gateway healthy
[2026-02-05 19:20:15] === Health Check Completed ===
[2026-02-05 19:25:15] === Health Check Started ===
[2026-02-05 19:25:15] ❌ Process not found, restarting...
[2026-02-05 19:25:15] Restarting OpenClaw Gateway...
[2026-02-05 19:25:47] ✅ Gateway healthy
[2026-02-05 19:25:47] === Health Check Completed ===
[2026-02-05 19:30:47] === Health Check Started ===
[2026-02-05 19:30:48] ❌ Process not found, restarting...
[2026-02-05 19:30:48] Restarting OpenClaw Gateway...
[2026-02-05 19:31:20] ✅ Gateway healthy
[2026-02-05 19:31:20] === Health Check Completed ===
[2026-02-05 19:36:20] === Health Check Started ===
[2026-02-05 19:36:20] ✅ Gateway healthy
[2026-02-05 19:36:20] === Health Check Completed ===
[2026-02-05 19:41:20] === Health Check Started ===
[2026-02-05 19:41:20] ✅ Gateway healthy
[2026-02-05 19:41:20] === Health Check Completed ===
[2026-02-05 19:46:20] === Health Check Started ===
[2026-02-05 19:46:20] ✅ Gateway healthy
[2026-02-05 19:46:20] === Health Check Completed ===
[2026-02-05 19:51:20] === Health Check Started ===
[2026-02-05 19:51:20] ✅ Gateway healthy
[2026-02-05 19:51:20] === Health Check Completed ===
[2026-02-05 19:56:20] === Health Check Started ===
[2026-02-05 19:56:20] ✅ Gateway healthy
[2026-02-05 19:56:20] === Health Check Completed ===
[2026-02-05 20:01:20] === Health Check Started ===
[2026-02-05 20:01:20] ✅ Gateway healthy
[2026-02-05 20:01:20] === Health Check Completed ===
[2026-02-05 20:06:20] === Health Check Started ===
[2026-02-05 20:06:20] ✅ Gateway healthy
[2026-02-05 20:06:20] === Health Check Completed ===
[2026-02-05 20:11:20] === Health Check Started ===
[2026-02-05 20:11:20] ✅ Gateway healthy
[2026-02-05 20:11:20] === Health Check Completed ===
[2026-02-05 20:16:20] === Health Check Started ===
[2026-02-05 20:16:21] ✅ Gateway healthy
[2026-02-05 20:16:21] === Health Check Completed ===
[2026-02-05 20:21:21] === Health Check Started ===
[2026-02-05 20:21:21] ✅ Gateway healthy
[2026-02-05 20:21:21] === Health Check Completed ===
[2026-02-05 20:26:21] === Health Check Started ===
[2026-02-05 20:26:21] ✅ Gateway healthy
[2026-02-05 20:26:21] === Health Check Completed ===
[2026-02-05 20:31:21] === Health Check Started ===
[2026-02-05 20:31:21] ✅ Gateway healthy
[2026-02-05 20:31:21] === Health Check Completed ===
[2026-02-05 20:36:21] === Health Check Started ===
[2026-02-05 20:36:21] ✅ Gateway healthy
[2026-02-05 20:36:21] === Health Check Completed ===
[2026-02-05 20:41:21] === Health Check Started ===
[2026-02-05 20:41:21] ✅ Gateway healthy
[2026-02-05 20:41:21] === Health Check Completed ===
[2026-02-05 20:46:21] === Health Check Started ===
[2026-02-05 20:46:21] ✅ Gateway healthy
[2026-02-05 20:46:21] === Health Check Completed ===
[2026-02-05 20:51:21] === Health Check Started ===
[2026-02-05 20:51:21] HTTP check failed: 000
[2026-02-05 20:51:21] ⚠️ Gateway unhealthy (HTTP failed)
[2026-02-05 20:51:21] Retry 1/3...
[2026-02-05 20:51:21] Restarting OpenClaw Gateway...
[2026-02-05 20:51:53] HTTP check failed: 000
[2026-02-05 20:51:53] Retry 2/3...
[2026-02-05 20:51:53] Restarting OpenClaw Gateway...
[2026-02-05 20:52:25] ✅ Recovery successful on retry 2
[2026-02-05 20:57:25] === Health Check Started ===
[2026-02-05 20:57:25] ✅ Gateway healthy
[2026-02-05 20:57:25] === Health Check Completed ===
[2026-02-05 21:02:25] === Health Check Started ===
[2026-02-05 21:02:25] ✅ Gateway healthy
[2026-02-05 21:02:25] === Health Check Completed ===
