👀 Watching /Users/ramsbaby/.openclaw/openclaw.json for changes...
   Press Ctrl+C to stop

[2026-02-03 13:36:30] Config changed detected!
✅ Config backup created: /Users/ramsbaby/openclaw/config-history/20260203-133630-auto-watch.json (8.0K)

📋 Recent backups:
  - /Users/ramsbaby/openclaw/config-history/20260203-133630-auto-watch.json (Feb 3 13:36)
  - /Users/ramsbaby/openclaw/config-history/20260203-133141-verification-test.json (Feb 3 13:31)
  - /Users/ramsbaby/openclaw/config-history/20260203-133101-initial-test.json (Feb 3 13:31)
  - /Users/ramsbaby/openclaw/config-history/baseline-20260203-1331.json (Feb 3 13:31)

[2026-02-03 13:36:40] Config changed detected!
✅ Config backup created: /Users/ramsbaby/openclaw/config-history/20260203-133640-auto-watch.json (8.0K)

📋 Recent backups:
  - /Users/ramsbaby/openclaw/config-history/20260203-133640-auto-watch.json (Feb 3 13:36)
  - /Users/ramsbaby/openclaw/config-history/20260203-133630-auto-watch.json (Feb 3 13:36)
  - /Users/ramsbaby/openclaw/config-history/20260203-133141-verification-test.json (Feb 3 13:31)
  - /Users/ramsbaby/openclaw/config-history/20260203-133101-initial-test.json (Feb 3 13:31)
  - /Users/ramsbaby/openclaw/config-history/baseline-20260203-1331.json (Feb 3 13:31)

[2026-02-03 15:24:38] Config changed detected!
✅ Config backup created: /Users/ramsbaby/openclaw/config-history/20260203-152438-auto-watch.json (8.0K)

📋 Recent backups:
  - /Users/ramsbaby/openclaw/config-history/20260203-152438-auto-watch.json (Feb 3 15:24)
  - /Users/ramsbaby/openclaw/config-history/20260203-133640-auto-watch.json (Feb 3 13:36)
  - /Users/ramsbaby/openclaw/config-history/20260203-133141-verification-test.json (Feb 3 13:31)
  - /Users/ramsbaby/openclaw/config-history/20260203-133101-initial-test.json (Feb 3 13:31)
  - /Users/ramsbaby/openclaw/config-history/baseline-20260203-1331.json (Feb 3 13:31)

[2026-02-03 15:25:39] Config changed detected!
✅ Config backup created: /Users/ramsbaby/openclaw/config-history/20260203-152539-auto-watch.json (8.0K)

📋 Recent backups:
  - /Users/ramsbaby/openclaw/config-history/20260203-152539-auto-watch.json (Feb 3 15:25)
  - /Users/ramsbaby/openclaw/config-history/20260203-152438-auto-watch.json (Feb 3 15:24)
  - /Users/ramsbaby/openclaw/config-history/20260203-133640-auto-watch.json (Feb 3 13:36)
  - /Users/ramsbaby/openclaw/config-history/20260203-133141-verification-test.json (Feb 3 13:31)
  - /Users/ramsbaby/openclaw/config-history/20260203-133101-initial-test.json (Feb 3 13:31)

[2026-02-03 15:26:09] Config changed detected!
✅ Config backup created: /Users/ramsbaby/openclaw/config-history/20260203-152609-auto-watch.json (8.0K)

📋 Recent backups:
  - /Users/ramsbaby/openclaw/config-history/20260203-152609-auto-watch.json (Feb 3 15:26)
  - /Users/ramsbaby/openclaw/config-history/20260203-152539-auto-watch.json (Feb 3 15:25)
  - /Users/ramsbaby/openclaw/config-history/20260203-152438-auto-watch.json (Feb 3 15:24)
  - /Users/ramsbaby/openclaw/config-history/20260203-133640-auto-watch.json (Feb 3 13:36)
  - /Users/ramsbaby/openclaw/config-history/20260203-133141-verification-test.json (Feb 3 13:31)

[2026-02-03 16:30:00] Config changed detected!
✅ Config backup created: /Users/ramsbaby/openclaw/config-history/20260203-163000-auto-watch.json (8.0K)

📋 Recent backups:
  - /Users/ramsbaby/openclaw/config-history/20260203-163000-auto-watch.json (Feb 3 16:30)
  - /Users/ramsbaby/openclaw/config-history/20260203-152609-auto-watch.json (Feb 3 15:26)
  - /Users/ramsbaby/openclaw/config-history/20260203-152539-auto-watch.json (Feb 3 15:25)
  - /Users/ramsbaby/openclaw/config-history/20260203-152438-auto-watch.json (Feb 3 15:24)
  - /Users/ramsbaby/openclaw/config-history/20260203-133640-auto-watch.json (Feb 3 13:36)

[2026-02-03 16:35:46] Config changed detected!
✅ Config backup created: /Users/ramsbaby/openclaw/config-history/20260203-163546-auto-watch.json (8.0K)

📋 Recent backups:
  - /Users/ramsbaby/openclaw/config-history/20260203-163546-auto-watch.json (Feb 3 16:35)
  - /Users/ramsbaby/openclaw/config-history/20260203-163000-auto-watch.json (Feb 3 16:30)
  - /Users/ramsbaby/openclaw/config-history/20260203-152609-auto-watch.json (Feb 3 15:26)
  - /Users/ramsbaby/openclaw/config-history/20260203-152539-auto-watch.json (Feb 3 15:25)
  - /Users/ramsbaby/openclaw/config-history/20260203-152438-auto-watch.json (Feb 3 15:24)

[2026-02-03 16:52:45] Config changed detected!
✅ Config backup created: /Users/ramsbaby/openclaw/config-history/20260203-165245-auto-watch.json (8.0K)

📋 Recent backups:
  - /Users/ramsbaby/openclaw/config-history/20260203-165245-auto-watch.json (Feb 3 16:52)
  - /Users/ramsbaby/openclaw/config-history/20260203-163546-auto-watch.json (Feb 3 16:35)
  - /Users/ramsbaby/openclaw/config-history/20260203-163000-auto-watch.json (Feb 3 16:30)
  - /Users/ramsbaby/openclaw/config-history/20260203-152609-auto-watch.json (Feb 3 15:26)
  - /Users/ramsbaby/openclaw/config-history/20260203-152539-auto-watch.json (Feb 3 15:25)

[2026-02-03 17:45:38] Config changed detected!
✅ Config backup created: /Users/ramsbaby/openclaw/config-history/20260203-174538-auto-watch.json (8.0K)

📋 Recent backups:
  - /Users/ramsbaby/openclaw/config-history/20260203-174538-auto-watch.json (Feb 3 17:45)
  - /Users/ramsbaby/openclaw/config-history/20260203-165245-auto-watch.json (Feb 3 16:52)
  - /Users/ramsbaby/openclaw/config-history/20260203-163546-auto-watch.json (Feb 3 16:35)
  - /Users/ramsbaby/openclaw/config-history/20260203-163000-auto-watch.json (Feb 3 16:30)
  - /Users/ramsbaby/openclaw/config-history/20260203-152609-auto-watch.json (Feb 3 15:26)

[2026-02-03 18:18:12] Config changed detected!
✅ Config backup created: /Users/ramsbaby/openclaw/config-history/20260203-181812-auto-watch.json (8.0K)

📋 Recent backups:
  - /Users/ramsbaby/openclaw/config-history/20260203-181812-auto-watch.json (Feb 3 18:18)
  - /Users/ramsbaby/openclaw/config-history/20260203-174538-auto-watch.json (Feb 3 17:45)
  - /Users/ramsbaby/openclaw/config-history/20260203-165245-auto-watch.json (Feb 3 16:52)
  - /Users/ramsbaby/openclaw/config-history/20260203-163546-auto-watch.json (Feb 3 16:35)
  - /Users/ramsbaby/openclaw/config-history/20260203-163000-auto-watch.json (Feb 3 16:30)

[2026-02-03 18:18:42] Config changed detected!
✅ Config backup created: /Users/ramsbaby/openclaw/config-history/20260203-181842-auto-watch.json (8.0K)

📋 Recent backups:
  - /Users/ramsbaby/openclaw/config-history/20260203-181842-auto-watch.json (Feb 3 18:18)
  - /Users/ramsbaby/openclaw/config-history/20260203-181812-auto-watch.json (Feb 3 18:18)
  - /Users/ramsbaby/openclaw/config-history/20260203-174538-auto-watch.json (Feb 3 17:45)
  - /Users/ramsbaby/openclaw/config-history/20260203-165245-auto-watch.json (Feb 3 16:52)
  - /Users/ramsbaby/openclaw/config-history/20260203-163546-auto-watch.json (Feb 3 16:35)

[2026-02-03 18:34:06] Config changed detected!
✅ Config backup created: /Users/ramsbaby/openclaw/config-history/20260203-183406-auto-watch.json (8.0K)

📋 Recent backups:
  - /Users/ramsbaby/openclaw/config-history/20260203-183406-auto-watch.json (Feb 3 18:34)
  - /Users/ramsbaby/openclaw/config-history/20260203-181842-auto-watch.json (Feb 3 18:18)
  - /Users/ramsbaby/openclaw/config-history/20260203-181812-auto-watch.json (Feb 3 18:18)
  - /Users/ramsbaby/openclaw/config-history/20260203-174538-auto-watch.json (Feb 3 17:45)
  - /Users/ramsbaby/openclaw/config-history/20260203-165245-auto-watch.json (Feb 3 16:52)

[2026-02-03 18:34:16] Config changed detected!
✅ Config backup created: /Users/ramsbaby/openclaw/config-history/20260203-183416-auto-watch.json (8.0K)

📋 Recent backups:
  - /Users/ramsbaby/openclaw/config-history/20260203-183416-auto-watch.json (Feb 3 18:34)
  - /Users/ramsbaby/openclaw/config-history/20260203-183406-auto-watch.json (Feb 3 18:34)
  - /Users/ramsbaby/openclaw/config-history/20260203-181842-auto-watch.json (Feb 3 18:18)
  - /Users/ramsbaby/openclaw/config-history/20260203-181812-auto-watch.json (Feb 3 18:18)
  - /Users/ramsbaby/openclaw/config-history/20260203-174538-auto-watch.json (Feb 3 17:45)

[2026-02-03 19:55:46] Config changed detected!
✅ Config backup created: /Users/ramsbaby/openclaw/config-history/20260203-195546-auto-watch.json (8.0K)

📋 Recent backups:
  - /Users/ramsbaby/openclaw/config-history/20260203-195546-auto-watch.json (Feb 3 19:55)
  - /Users/ramsbaby/openclaw/config-history/20260203-183416-auto-watch.json (Feb 3 18:34)
  - /Users/ramsbaby/openclaw/config-history/20260203-183406-auto-watch.json (Feb 3 18:34)
  - /Users/ramsbaby/openclaw/config-history/20260203-181842-auto-watch.json (Feb 3 18:18)
  - /Users/ramsbaby/openclaw/config-history/20260203-181812-auto-watch.json (Feb 3 18:18)

[2026-02-03 20:22:46] Config changed detected!
✅ Config backup created: /Users/ramsbaby/openclaw/config-history/20260203-202246-auto-watch.json (8.0K)

📋 Recent backups:
  - /Users/ramsbaby/openclaw/config-history/20260203-202246-auto-watch.json (Feb 3 20:22)
  - /Users/ramsbaby/openclaw/config-history/20260203-195546-auto-watch.json (Feb 3 19:55)
  - /Users/ramsbaby/openclaw/config-history/20260203-183416-auto-watch.json (Feb 3 18:34)
  - /Users/ramsbaby/openclaw/config-history/20260203-183406-auto-watch.json (Feb 3 18:34)
  - /Users/ramsbaby/openclaw/config-history/20260203-181842-auto-watch.json (Feb 3 18:18)

[2026-02-03 21:49:16] Config changed detected!
✅ Config backup created: /Users/ramsbaby/openclaw/config-history/20260203-214916-auto-watch.json (8.0K)

📋 Recent backups:
  - /Users/ramsbaby/openclaw/config-history/20260203-214916-auto-watch.json (Feb 3 21:49)
  - /Users/ramsbaby/openclaw/config-history/20260203-202246-auto-watch.json (Feb 3 20:22)
  - /Users/ramsbaby/openclaw/config-history/20260203-195546-auto-watch.json (Feb 3 19:55)
  - /Users/ramsbaby/openclaw/config-history/20260203-183416-auto-watch.json (Feb 3 18:34)
  - /Users/ramsbaby/openclaw/config-history/20260203-183406-auto-watch.json (Feb 3 18:34)

[2026-02-04 08:20:57] Config changed detected!
✅ Config backup created: /Users/ramsbaby/openclaw/config-history/20260204-082057-auto-watch.json (8.0K)

📋 Recent backups:
  - /Users/ramsbaby/openclaw/config-history/20260204-082057-auto-watch.json (Feb 4 08:20)
  - /Users/ramsbaby/openclaw/config-history/20260203-214916-auto-watch.json (Feb 3 21:49)
  - /Users/ramsbaby/openclaw/config-history/20260203-202246-auto-watch.json (Feb 3 20:22)
  - /Users/ramsbaby/openclaw/config-history/20260203-195546-auto-watch.json (Feb 3 19:55)
  - /Users/ramsbaby/openclaw/config-history/20260203-183416-auto-watch.json (Feb 3 18:34)

[2026-02-04 09:42:07] Config changed detected!
✅ Config backup created: /Users/ramsbaby/openclaw/config-history/20260204-094207-auto-watch.json (8.0K)

📋 Recent backups:
  - /Users/ramsbaby/openclaw/config-history/20260204-094207-auto-watch.json (Feb 4 09:42)
  - /Users/ramsbaby/openclaw/config-history/20260204-082057-auto-watch.json (Feb 4 08:20)
  - /Users/ramsbaby/openclaw/config-history/20260203-214916-auto-watch.json (Feb 3 21:49)
  - /Users/ramsbaby/openclaw/config-history/20260203-202246-auto-watch.json (Feb 3 20:22)
  - /Users/ramsbaby/openclaw/config-history/20260203-195546-auto-watch.json (Feb 3 19:55)

[2026-02-04 09:42:18] Config changed detected!
✅ Config backup created: /Users/ramsbaby/openclaw/config-history/20260204-094218-auto-watch.json (8.0K)

📋 Recent backups:
  - /Users/ramsbaby/openclaw/config-history/20260204-094218-auto-watch.json (Feb 4 09:42)
  - /Users/ramsbaby/openclaw/config-history/20260204-094207-auto-watch.json (Feb 4 09:42)
  - /Users/ramsbaby/openclaw/config-history/20260204-082057-auto-watch.json (Feb 4 08:20)
  - /Users/ramsbaby/openclaw/config-history/20260203-214916-auto-watch.json (Feb 3 21:49)
  - /Users/ramsbaby/openclaw/config-history/20260203-202246-auto-watch.json (Feb 3 20:22)

[2026-02-04 09:42:38] Config changed detected!
✅ Config backup created: /Users/ramsbaby/openclaw/config-history/20260204-094238-auto-watch.json (8.0K)

📋 Recent backups:
  - /Users/ramsbaby/openclaw/config-history/20260204-094238-auto-watch.json (Feb 4 09:42)
  - /Users/ramsbaby/openclaw/config-history/20260204-094218-auto-watch.json (Feb 4 09:42)
  - /Users/ramsbaby/openclaw/config-history/20260204-094207-auto-watch.json (Feb 4 09:42)
  - /Users/ramsbaby/openclaw/config-history/20260204-082057-auto-watch.json (Feb 4 08:20)
  - /Users/ramsbaby/openclaw/config-history/20260203-214916-auto-watch.json (Feb 3 21:49)

[2026-02-04 09:42:58] Config changed detected!
✅ Config backup created: /Users/ramsbaby/openclaw/config-history/20260204-094258-auto-watch.json (8.0K)

📋 Recent backups:
  - /Users/ramsbaby/openclaw/config-history/20260204-094258-auto-watch.json (Feb 4 09:42)
  - /Users/ramsbaby/openclaw/config-history/20260204-094238-auto-watch.json (Feb 4 09:42)
  - /Users/ramsbaby/openclaw/config-history/20260204-094218-auto-watch.json (Feb 4 09:42)
  - /Users/ramsbaby/openclaw/config-history/20260204-094207-auto-watch.json (Feb 4 09:42)
  - /Users/ramsbaby/openclaw/config-history/20260204-082057-auto-watch.json (Feb 4 08:20)

[2026-02-04 10:02:36] Config changed detected!
✅ Config backup created: /Users/ramsbaby/openclaw/config-history/20260204-100236-auto-watch.json (8.0K)

📋 Recent backups:
  - /Users/ramsbaby/openclaw/config-history/20260204-100236-auto-watch.json (Feb 4 10:02)
  - /Users/ramsbaby/openclaw/config-history/20260204-094258-auto-watch.json (Feb 4 09:42)
  - /Users/ramsbaby/openclaw/config-history/20260204-094238-auto-watch.json (Feb 4 09:42)
  - /Users/ramsbaby/openclaw/config-history/20260204-094218-auto-watch.json (Feb 4 09:42)
  - /Users/ramsbaby/openclaw/config-history/20260204-094207-auto-watch.json (Feb 4 09:42)

[2026-02-04 10:02:46] Config changed detected!
✅ Config backup created: /Users/ramsbaby/openclaw/config-history/20260204-100246-auto-watch.json (8.0K)

📋 Recent backups:
  - /Users/ramsbaby/openclaw/config-history/20260204-100246-auto-watch.json (Feb 4 10:02)
  - /Users/ramsbaby/openclaw/config-history/20260204-100236-auto-watch.json (Feb 4 10:02)
  - /Users/ramsbaby/openclaw/config-history/20260204-094258-auto-watch.json (Feb 4 09:42)
  - /Users/ramsbaby/openclaw/config-history/20260204-094238-auto-watch.json (Feb 4 09:42)
  - /Users/ramsbaby/openclaw/config-history/20260204-094218-auto-watch.json (Feb 4 09:42)

[2026-02-04 10:02:56] Config changed detected!
✅ Config backup created: /Users/ramsbaby/openclaw/config-history/20260204-100256-auto-watch.json (8.0K)

📋 Recent backups:
  - /Users/ramsbaby/openclaw/config-history/20260204-100256-auto-watch.json (Feb 4 10:02)
  - /Users/ramsbaby/openclaw/config-history/20260204-100246-auto-watch.json (Feb 4 10:02)
  - /Users/ramsbaby/openclaw/config-history/20260204-100236-auto-watch.json (Feb 4 10:02)
  - /Users/ramsbaby/openclaw/config-history/20260204-094258-auto-watch.json (Feb 4 09:42)
  - /Users/ramsbaby/openclaw/config-history/20260204-094238-auto-watch.json (Feb 4 09:42)

[2026-02-04 10:17:38] Config changed detected!
✅ Config backup created: /Users/ramsbaby/openclaw/config-history/20260204-101738-auto-watch.json (8.0K)

📋 Recent backups:
  - /Users/ramsbaby/openclaw/config-history/20260204-101738-auto-watch.json (Feb 4 10:17)
  - /Users/ramsbaby/openclaw/config-history/20260204-100256-auto-watch.json (Feb 4 10:02)
  - /Users/ramsbaby/openclaw/config-history/20260204-100246-auto-watch.json (Feb 4 10:02)
  - /Users/ramsbaby/openclaw/config-history/20260204-100236-auto-watch.json (Feb 4 10:02)
  - /Users/ramsbaby/openclaw/config-history/20260204-094258-auto-watch.json (Feb 4 09:42)

[2026-02-04 10:18:08] Config changed detected!
✅ Config backup created: /Users/ramsbaby/openclaw/config-history/20260204-101808-auto-watch.json (8.0K)

📋 Recent backups:
  - /Users/ramsbaby/openclaw/config-history/20260204-101808-auto-watch.json (Feb 4 10:18)
  - /Users/ramsbaby/openclaw/config-history/20260204-101738-auto-watch.json (Feb 4 10:17)
  - /Users/ramsbaby/openclaw/config-history/20260204-100256-auto-watch.json (Feb 4 10:02)
  - /Users/ramsbaby/openclaw/config-history/20260204-100246-auto-watch.json (Feb 4 10:02)
  - /Users/ramsbaby/openclaw/config-history/20260204-100236-auto-watch.json (Feb 4 10:02)

[2026-02-04 10:21:51] Config changed detected!
✅ Config backup created: /Users/ramsbaby/openclaw/config-history/20260204-102151-auto-watch.json (8.0K)

📋 Recent backups:
  - /Users/ramsbaby/openclaw/config-history/20260204-102151-auto-watch.json (Feb 4 10:21)
  - /Users/ramsbaby/openclaw/config-history/20260204-101808-auto-watch.json (Feb 4 10:18)
  - /Users/ramsbaby/openclaw/config-history/20260204-101738-auto-watch.json (Feb 4 10:17)
  - /Users/ramsbaby/openclaw/config-history/20260204-100256-auto-watch.json (Feb 4 10:02)
  - /Users/ramsbaby/openclaw/config-history/20260204-100246-auto-watch.json (Feb 4 10:02)

[2026-02-04 10:23:22] Config changed detected!
✅ Config backup created: /Users/ramsbaby/openclaw/config-history/20260204-102322-auto-watch.json (8.0K)

📋 Recent backups:
  - /Users/ramsbaby/openclaw/config-history/20260204-102322-auto-watch.json (Feb 4 10:23)
  - /Users/ramsbaby/openclaw/config-history/20260204-102151-auto-watch.json (Feb 4 10:21)
  - /Users/ramsbaby/openclaw/config-history/20260204-101808-auto-watch.json (Feb 4 10:18)
  - /Users/ramsbaby/openclaw/config-history/20260204-101738-auto-watch.json (Feb 4 10:17)
  - /Users/ramsbaby/openclaw/config-history/20260204-100256-auto-watch.json (Feb 4 10:02)

[2026-02-04 10:37:06] Config changed detected!
✅ Config backup created: /Users/ramsbaby/openclaw/config-history/20260204-103707-auto-watch.json (8.0K)

📋 Recent backups:
  - /Users/ramsbaby/openclaw/config-history/20260204-103707-auto-watch.json (Feb 4 10:37)
  - /Users/ramsbaby/openclaw/config-history/20260204-102322-auto-watch.json (Feb 4 10:23)
  - /Users/ramsbaby/openclaw/config-history/20260204-102151-auto-watch.json (Feb 4 10:21)
  - /Users/ramsbaby/openclaw/config-history/20260204-101808-auto-watch.json (Feb 4 10:18)
  - /Users/ramsbaby/openclaw/config-history/20260204-101738-auto-watch.json (Feb 4 10:17)

[2026-02-04 11:20:07] Config changed detected!
✅ Config backup created: /Users/ramsbaby/openclaw/config-history/20260204-112007-auto-watch.json (8.0K)

📋 Recent backups:
  - /Users/ramsbaby/openclaw/config-history/20260204-112007-auto-watch.json (Feb 4 11:20)
  - /Users/ramsbaby/openclaw/config-history/20260204-103707-auto-watch.json (Feb 4 10:37)
  - /Users/ramsbaby/openclaw/config-history/20260204-102322-auto-watch.json (Feb 4 10:23)
  - /Users/ramsbaby/openclaw/config-history/20260204-102151-auto-watch.json (Feb 4 10:21)
  - /Users/ramsbaby/openclaw/config-history/20260204-101808-auto-watch.json (Feb 4 10:18)

[2026-02-04 11:20:17] Config changed detected!
✅ Config backup created: /Users/ramsbaby/openclaw/config-history/20260204-112017-auto-watch.json (8.0K)

📋 Recent backups:
  - /Users/ramsbaby/openclaw/config-history/20260204-112017-auto-watch.json (Feb 4 11:20)
  - /Users/ramsbaby/openclaw/config-history/20260204-112007-auto-watch.json (Feb 4 11:20)
  - /Users/ramsbaby/openclaw/config-history/20260204-103707-auto-watch.json (Feb 4 10:37)
  - /Users/ramsbaby/openclaw/config-history/20260204-102322-auto-watch.json (Feb 4 10:23)
  - /Users/ramsbaby/openclaw/config-history/20260204-102151-auto-watch.json (Feb 4 10:21)

[2026-02-04 13:22:52] Config changed detected!
✅ Config backup created: /Users/ramsbaby/openclaw/config-history/20260204-132252-auto-watch.json (8.0K)

📋 Recent backups:
  - /Users/ramsbaby/openclaw/config-history/20260204-132252-auto-watch.json (Feb 4 13:22)
  - /Users/ramsbaby/openclaw/config-history/20260204-112017-auto-watch.json (Feb 4 11:20)
  - /Users/ramsbaby/openclaw/config-history/20260204-112007-auto-watch.json (Feb 4 11:20)
  - /Users/ramsbaby/openclaw/config-history/20260204-103707-auto-watch.json (Feb 4 10:37)
  - /Users/ramsbaby/openclaw/config-history/20260204-102322-auto-watch.json (Feb 4 10:23)

[2026-02-04 15:36:08] Config changed detected!
✅ Config backup created: /Users/ramsbaby/openclaw/config-history/20260204-153608-auto-watch.json (8.0K)

📋 Recent backups:
  - /Users/ramsbaby/openclaw/config-history/20260204-153608-auto-watch.json (Feb 4 15:36)
  - /Users/ramsbaby/openclaw/config-history/20260204-132252-auto-watch.json (Feb 4 13:22)
  - /Users/ramsbaby/openclaw/config-history/20260204-112017-auto-watch.json (Feb 4 11:20)
  - /Users/ramsbaby/openclaw/config-history/20260204-112007-auto-watch.json (Feb 4 11:20)
  - /Users/ramsbaby/openclaw/config-history/20260204-103707-auto-watch.json (Feb 4 10:37)

[2026-02-04 15:39:10] Config changed detected!
✅ Config backup created: /Users/ramsbaby/openclaw/config-history/20260204-153910-auto-watch.json (8.0K)

📋 Recent backups:
  - /Users/ramsbaby/openclaw/config-history/20260204-153910-auto-watch.json (Feb 4 15:39)
  - /Users/ramsbaby/openclaw/config-history/20260204-153608-auto-watch.json (Feb 4 15:36)
  - /Users/ramsbaby/openclaw/config-history/20260204-132252-auto-watch.json (Feb 4 13:22)
  - /Users/ramsbaby/openclaw/config-history/20260204-112017-auto-watch.json (Feb 4 11:20)
  - /Users/ramsbaby/openclaw/config-history/20260204-112007-auto-watch.json (Feb 4 11:20)

[2026-02-04 15:53:51] Config changed detected!
✅ Config backup created: /Users/ramsbaby/openclaw/config-history/20260204-155351-auto-watch.json (8.0K)

📋 Recent backups:
  - /Users/ramsbaby/openclaw/config-history/20260204-155351-auto-watch.json (Feb 4 15:53)
  - /Users/ramsbaby/openclaw/config-history/20260204-153910-auto-watch.json (Feb 4 15:39)
  - /Users/ramsbaby/openclaw/config-history/20260204-153608-auto-watch.json (Feb 4 15:36)
  - /Users/ramsbaby/openclaw/config-history/20260204-132252-auto-watch.json (Feb 4 13:22)
  - /Users/ramsbaby/openclaw/config-history/20260204-112017-auto-watch.json (Feb 4 11:20)

[2026-02-04 15:58:54] Config changed detected!
✅ Config backup created: /Users/ramsbaby/openclaw/config-history/20260204-155854-auto-watch.json (8.0K)

📋 Recent backups:
  - /Users/ramsbaby/openclaw/config-history/20260204-155854-auto-watch.json (Feb 4 15:58)
  - /Users/ramsbaby/openclaw/config-history/20260204-155351-auto-watch.json (Feb 4 15:53)
  - /Users/ramsbaby/openclaw/config-history/20260204-153910-auto-watch.json (Feb 4 15:39)
  - /Users/ramsbaby/openclaw/config-history/20260204-153608-auto-watch.json (Feb 4 15:36)
  - /Users/ramsbaby/openclaw/config-history/20260204-132252-auto-watch.json (Feb 4 13:22)

[2026-02-04 15:59:04] Config changed detected!
✅ Config backup created: /Users/ramsbaby/openclaw/config-history/20260204-155904-auto-watch.json (8.0K)

📋 Recent backups:
  - /Users/ramsbaby/openclaw/config-history/20260204-155904-auto-watch.json (Feb 4 15:59)
  - /Users/ramsbaby/openclaw/config-history/20260204-155854-auto-watch.json (Feb 4 15:58)
  - /Users/ramsbaby/openclaw/config-history/20260204-155351-auto-watch.json (Feb 4 15:53)
  - /Users/ramsbaby/openclaw/config-history/20260204-153910-auto-watch.json (Feb 4 15:39)
  - /Users/ramsbaby/openclaw/config-history/20260204-153608-auto-watch.json (Feb 4 15:36)

[2026-02-04 18:04:46] Config changed detected!
✅ Config backup created: /Users/ramsbaby/openclaw/config-history/20260204-180446-auto-watch.json (8.0K)

📋 Recent backups:
  - /Users/ramsbaby/openclaw/config-history/20260204-180446-auto-watch.json (Feb 4 18:04)
  - /Users/ramsbaby/openclaw/config-history/20260204-155904-auto-watch.json (Feb 4 15:59)
  - /Users/ramsbaby/openclaw/config-history/20260204-155854-auto-watch.json (Feb 4 15:58)
  - /Users/ramsbaby/openclaw/config-history/20260204-155351-auto-watch.json (Feb 4 15:53)
  - /Users/ramsbaby/openclaw/config-history/20260204-153910-auto-watch.json (Feb 4 15:39)

[2026-02-04 22:59:56] Config changed detected!
✅ Config backup created: /Users/ramsbaby/openclaw/config-history/20260204-225956-auto-watch.json (8.0K)

📋 Recent backups:
  - /Users/ramsbaby/openclaw/config-history/20260204-225956-auto-watch.json (Feb 4 22:59)
  - /Users/ramsbaby/openclaw/config-history/20260204-180446-auto-watch.json (Feb 4 18:04)
  - /Users/ramsbaby/openclaw/config-history/20260204-155904-auto-watch.json (Feb 4 15:59)
  - /Users/ramsbaby/openclaw/config-history/20260204-155854-auto-watch.json (Feb 4 15:58)
  - /Users/ramsbaby/openclaw/config-history/20260204-155351-auto-watch.json (Feb 4 15:53)

[2026-02-05 05:30:33] Config changed detected!
✅ Config backup created: /Users/ramsbaby/openclaw/config-history/20260205-053033-auto-watch.json (8.0K)

📋 Recent backups:
  - /Users/ramsbaby/openclaw/config-history/20260205-053033-auto-watch.json (Feb 5 05:30)
  - /Users/ramsbaby/openclaw/config-history/20260204-225956-auto-watch.json (Feb 4 22:59)
  - /Users/ramsbaby/openclaw/config-history/20260204-180446-auto-watch.json (Feb 4 18:04)
  - /Users/ramsbaby/openclaw/config-history/20260204-155904-auto-watch.json (Feb 4 15:59)
  - /Users/ramsbaby/openclaw/config-history/20260204-155854-auto-watch.json (Feb 4 15:58)

[2026-02-05 08:28:47] Config changed detected!
✅ Config backup created: /Users/ramsbaby/openclaw/config-history/20260205-082847-auto-watch.json (8.0K)

📋 Recent backups:
  - /Users/ramsbaby/openclaw/config-history/20260205-082847-auto-watch.json (Feb 5 08:28)
  - /Users/ramsbaby/openclaw/config-history/20260205-053033-auto-watch.json (Feb 5 05:30)
  - /Users/ramsbaby/openclaw/config-history/20260204-225956-auto-watch.json (Feb 4 22:59)
  - /Users/ramsbaby/openclaw/config-history/20260204-180446-auto-watch.json (Feb 4 18:04)
  - /Users/ramsbaby/openclaw/config-history/20260204-155904-auto-watch.json (Feb 4 15:59)

[2026-02-05 08:35:44] Config changed detected!
✅ Config backup created: /Users/ramsbaby/openclaw/config-history/20260205-083544-auto-watch.json (8.0K)

📋 Recent backups:
  - /Users/ramsbaby/openclaw/config-history/20260205-083544-auto-watch.json (Feb 5 08:35)
  - /Users/ramsbaby/openclaw/config-history/20260205-082847-auto-watch.json (Feb 5 08:28)
  - /Users/ramsbaby/openclaw/config-history/20260205-053033-auto-watch.json (Feb 5 05:30)
  - /Users/ramsbaby/openclaw/config-history/20260204-225956-auto-watch.json (Feb 4 22:59)
  - /Users/ramsbaby/openclaw/config-history/20260204-180446-auto-watch.json (Feb 4 18:04)

[2026-02-05 10:39:39] Config changed detected!
✅ Config backup created: /Users/ramsbaby/openclaw/config-history/20260205-103939-auto-watch.json (8.0K)

📋 Recent backups:
  - /Users/ramsbaby/openclaw/config-history/20260205-103939-auto-watch.json (Feb 5 10:39)
  - /Users/ramsbaby/openclaw/config-history/20260205-083544-auto-watch.json (Feb 5 08:35)
  - /Users/ramsbaby/openclaw/config-history/20260205-082847-auto-watch.json (Feb 5 08:28)
  - /Users/ramsbaby/openclaw/config-history/20260205-053033-auto-watch.json (Feb 5 05:30)
  - /Users/ramsbaby/openclaw/config-history/20260204-225956-auto-watch.json (Feb 4 22:59)

[2026-02-05 10:40:40] Config changed detected!
✅ Config backup created: /Users/ramsbaby/openclaw/config-history/20260205-104040-auto-watch.json (8.0K)

📋 Recent backups:
  - /Users/ramsbaby/openclaw/config-history/20260205-104040-auto-watch.json (Feb 5 10:40)
  - /Users/ramsbaby/openclaw/config-history/20260205-103939-auto-watch.json (Feb 5 10:39)
  - /Users/ramsbaby/openclaw/config-history/20260205-083544-auto-watch.json (Feb 5 08:35)
  - /Users/ramsbaby/openclaw/config-history/20260205-082847-auto-watch.json (Feb 5 08:28)
  - /Users/ramsbaby/openclaw/config-history/20260205-053033-auto-watch.json (Feb 5 05:30)

[2026-02-05 10:40:50] Config changed detected!
✅ Config backup created: /Users/ramsbaby/openclaw/config-history/20260205-104050-auto-watch.json (8.0K)

📋 Recent backups:
  - /Users/ramsbaby/openclaw/config-history/20260205-104050-auto-watch.json (Feb 5 10:40)
  - /Users/ramsbaby/openclaw/config-history/20260205-104040-auto-watch.json (Feb 5 10:40)
  - /Users/ramsbaby/openclaw/config-history/20260205-103939-auto-watch.json (Feb 5 10:39)
  - /Users/ramsbaby/openclaw/config-history/20260205-083544-auto-watch.json (Feb 5 08:35)
  - /Users/ramsbaby/openclaw/config-history/20260205-082847-auto-watch.json (Feb 5 08:28)

[2026-02-05 10:41:10] Config changed detected!
✅ Config backup created: /Users/ramsbaby/openclaw/config-history/20260205-104110-auto-watch.json (8.0K)

📋 Recent backups:
  - /Users/ramsbaby/openclaw/config-history/20260205-104110-auto-watch.json (Feb 5 10:41)
  - /Users/ramsbaby/openclaw/config-history/20260205-104050-auto-watch.json (Feb 5 10:40)
  - /Users/ramsbaby/openclaw/config-history/20260205-104040-auto-watch.json (Feb 5 10:40)
  - /Users/ramsbaby/openclaw/config-history/20260205-103939-auto-watch.json (Feb 5 10:39)
  - /Users/ramsbaby/openclaw/config-history/20260205-083544-auto-watch.json (Feb 5 08:35)

[2026-02-05 10:41:21] Config changed detected!
✅ Config backup created: /Users/ramsbaby/openclaw/config-history/20260205-104121-auto-watch.json (8.0K)

📋 Recent backups:
  - /Users/ramsbaby/openclaw/config-history/20260205-104121-auto-watch.json (Feb 5 10:41)
  - /Users/ramsbaby/openclaw/config-history/20260205-104110-auto-watch.json (Feb 5 10:41)
  - /Users/ramsbaby/openclaw/config-history/20260205-104050-auto-watch.json (Feb 5 10:40)
  - /Users/ramsbaby/openclaw/config-history/20260205-104040-auto-watch.json (Feb 5 10:40)
  - /Users/ramsbaby/openclaw/config-history/20260205-103939-auto-watch.json (Feb 5 10:39)

[2026-02-05 10:43:22] Config changed detected!
✅ Config backup created: /Users/ramsbaby/openclaw/config-history/20260205-104322-auto-watch.json (8.0K)

📋 Recent backups:
  - /Users/ramsbaby/openclaw/config-history/20260205-104322-auto-watch.json (Feb 5 10:43)
  - /Users/ramsbaby/openclaw/config-history/20260205-104121-auto-watch.json (Feb 5 10:41)
  - /Users/ramsbaby/openclaw/config-history/20260205-104110-auto-watch.json (Feb 5 10:41)
  - /Users/ramsbaby/openclaw/config-history/20260205-104050-auto-watch.json (Feb 5 10:40)
  - /Users/ramsbaby/openclaw/config-history/20260205-104040-auto-watch.json (Feb 5 10:40)

[2026-02-05 10:44:13] Config changed detected!
✅ Config backup created: /Users/ramsbaby/openclaw/config-history/20260205-104413-auto-watch.json (8.0K)

📋 Recent backups:
  - /Users/ramsbaby/openclaw/config-history/20260205-104413-auto-watch.json (Feb 5 10:44)
  - /Users/ramsbaby/openclaw/config-history/20260205-104322-auto-watch.json (Feb 5 10:43)
  - /Users/ramsbaby/openclaw/config-history/20260205-104121-auto-watch.json (Feb 5 10:41)
  - /Users/ramsbaby/openclaw/config-history/20260205-104110-auto-watch.json (Feb 5 10:41)
  - /Users/ramsbaby/openclaw/config-history/20260205-104050-auto-watch.json (Feb 5 10:40)

[2026-02-05 10:49:19] Config changed detected!
✅ Config backup created: /Users/ramsbaby/openclaw/config-history/20260205-104919-auto-watch.json (8.0K)

📋 Recent backups:
  - /Users/ramsbaby/openclaw/config-history/20260205-104919-auto-watch.json (Feb 5 10:49)
  - /Users/ramsbaby/openclaw/config-history/20260205-104413-auto-watch.json (Feb 5 10:44)
  - /Users/ramsbaby/openclaw/config-history/20260205-104322-auto-watch.json (Feb 5 10:43)
  - /Users/ramsbaby/openclaw/config-history/20260205-104121-auto-watch.json (Feb 5 10:41)
  - /Users/ramsbaby/openclaw/config-history/20260205-104110-auto-watch.json (Feb 5 10:41)

[2026-02-05 10:50:10] Config changed detected!
✅ Config backup created: /Users/ramsbaby/openclaw/config-history/20260205-105010-auto-watch.json (8.0K)

📋 Recent backups:
  - /Users/ramsbaby/openclaw/config-history/20260205-105010-auto-watch.json (Feb 5 10:50)
  - /Users/ramsbaby/openclaw/config-history/20260205-104919-auto-watch.json (Feb 5 10:49)
  - /Users/ramsbaby/openclaw/config-history/20260205-104413-auto-watch.json (Feb 5 10:44)
  - /Users/ramsbaby/openclaw/config-history/20260205-104322-auto-watch.json (Feb 5 10:43)
  - /Users/ramsbaby/openclaw/config-history/20260205-104121-auto-watch.json (Feb 5 10:41)

[2026-02-05 11:14:42] Config changed detected!
✅ Config backup created: /Users/ramsbaby/openclaw/config-history/20260205-111442-auto-watch.json (8.0K)

📋 Recent backups:
  - /Users/ramsbaby/openclaw/config-history/20260205-111442-auto-watch.json (Feb 5 11:14)
  - /Users/ramsbaby/openclaw/config-history/20260205-105010-auto-watch.json (Feb 5 10:50)
  - /Users/ramsbaby/openclaw/config-history/20260205-104919-auto-watch.json (Feb 5 10:49)
  - /Users/ramsbaby/openclaw/config-history/20260205-104413-auto-watch.json (Feb 5 10:44)
  - /Users/ramsbaby/openclaw/config-history/20260205-104322-auto-watch.json (Feb 5 10:43)

[2026-02-05 11:22:28] Config changed detected!
✅ Config backup created: /Users/ramsbaby/openclaw/config-history/20260205-112228-auto-watch.json (8.0K)

📋 Recent backups:
  - /Users/ramsbaby/openclaw/config-history/20260205-112228-auto-watch.json (Feb 5 11:22)
  - /Users/ramsbaby/openclaw/config-history/20260205-111442-auto-watch.json (Feb 5 11:14)
  - /Users/ramsbaby/openclaw/config-history/20260205-105010-auto-watch.json (Feb 5 10:50)
  - /Users/ramsbaby/openclaw/config-history/20260205-104919-auto-watch.json (Feb 5 10:49)
  - /Users/ramsbaby/openclaw/config-history/20260205-104413-auto-watch.json (Feb 5 10:44)

[2026-02-05 13:06:59] Config changed detected!
✅ Config backup created: /Users/ramsbaby/openclaw/config-history/20260205-130659-auto-watch.json (8.0K)

📋 Recent backups:
  - /Users/ramsbaby/openclaw/config-history/20260205-130659-auto-watch.json (Feb 5 13:06)
  - /Users/ramsbaby/openclaw/config-history/20260205-112228-auto-watch.json (Feb 5 11:22)
  - /Users/ramsbaby/openclaw/config-history/20260205-111442-auto-watch.json (Feb 5 11:14)
  - /Users/ramsbaby/openclaw/config-history/20260205-105010-auto-watch.json (Feb 5 10:50)
  - /Users/ramsbaby/openclaw/config-history/20260205-104919-auto-watch.json (Feb 5 10:49)

[2026-02-05 13:35:53] Config changed detected!
✅ Config backup created: /Users/ramsbaby/openclaw/config-history/20260205-133553-auto-watch.json (8.0K)

📋 Recent backups:
  - /Users/ramsbaby/openclaw/config-history/20260205-133553-auto-watch.json (Feb 5 13:35)
  - /Users/ramsbaby/openclaw/config-history/20260205-130659-auto-watch.json (Feb 5 13:06)
  - /Users/ramsbaby/openclaw/config-history/20260205-112228-auto-watch.json (Feb 5 11:22)
  - /Users/ramsbaby/openclaw/config-history/20260205-111442-auto-watch.json (Feb 5 11:14)
  - /Users/ramsbaby/openclaw/config-history/20260205-105010-auto-watch.json (Feb 5 10:50)

[2026-02-05 16:53:59] Config changed detected!
✅ Config backup created: /Users/ramsbaby/openclaw/config-history/20260205-165359-auto-watch.json (8.0K)

📋 Recent backups:
  - /Users/ramsbaby/openclaw/config-history/20260205-165359-auto-watch.json (Feb 5 16:53)
  - /Users/ramsbaby/openclaw/config-history/20260205-133553-auto-watch.json (Feb 5 13:35)
  - /Users/ramsbaby/openclaw/config-history/20260205-130659-auto-watch.json (Feb 5 13:06)
  - /Users/ramsbaby/openclaw/config-history/20260205-112228-auto-watch.json (Feb 5 11:22)
  - /Users/ramsbaby/openclaw/config-history/20260205-111442-auto-watch.json (Feb 5 11:14)

[2026-02-05 17:14:09] Config changed detected!
✅ Config backup created: /Users/ramsbaby/openclaw/config-history/20260205-171409-auto-watch.json (8.0K)

📋 Recent backups:
  - /Users/ramsbaby/openclaw/config-history/20260205-171409-auto-watch.json (Feb 5 17:14)
  - /Users/ramsbaby/openclaw/config-history/20260205-165359-auto-watch.json (Feb 5 16:53)
  - /Users/ramsbaby/openclaw/config-history/20260205-133553-auto-watch.json (Feb 5 13:35)
  - /Users/ramsbaby/openclaw/config-history/20260205-130659-auto-watch.json (Feb 5 13:06)
  - /Users/ramsbaby/openclaw/config-history/20260205-112228-auto-watch.json (Feb 5 11:22)

[2026-02-05 17:59:29] Config changed detected!
✅ Config backup created: /Users/ramsbaby/openclaw/config-history/20260205-175929-auto-watch.json (8.0K)

📋 Recent backups:
  - /Users/ramsbaby/openclaw/config-history/20260205-175929-auto-watch.json (Feb 5 17:59)
  - /Users/ramsbaby/openclaw/config-history/20260205-171409-auto-watch.json (Feb 5 17:14)
  - /Users/ramsbaby/openclaw/config-history/20260205-165359-auto-watch.json (Feb 5 16:53)
  - /Users/ramsbaby/openclaw/config-history/20260205-133553-auto-watch.json (Feb 5 13:35)
  - /Users/ramsbaby/openclaw/config-history/20260205-130659-auto-watch.json (Feb 5 13:06)

[2026-02-05 18:05:15] Config changed detected!
✅ Config backup created: /Users/ramsbaby/openclaw/config-history/20260205-180515-auto-watch.json (8.0K)

📋 Recent backups:
  - /Users/ramsbaby/openclaw/config-history/20260205-180515-auto-watch.json (Feb 5 18:05)
  - /Users/ramsbaby/openclaw/config-history/20260205-175929-auto-watch.json (Feb 5 17:59)
  - /Users/ramsbaby/openclaw/config-history/20260205-171409-auto-watch.json (Feb 5 17:14)
  - /Users/ramsbaby/openclaw/config-history/20260205-165359-auto-watch.json (Feb 5 16:53)
  - /Users/ramsbaby/openclaw/config-history/20260205-133553-auto-watch.json (Feb 5 13:35)

[2026-02-05 20:40:46] Config changed detected!
✅ Config backup created: /Users/ramsbaby/openclaw/config-history/20260205-204046-auto-watch.json (8.0K)

📋 Recent backups:
  - /Users/ramsbaby/openclaw/config-history/20260205-204046-auto-watch.json (Feb 5 20:40)
  - /Users/ramsbaby/openclaw/config-history/20260205-180515-auto-watch.json (Feb 5 18:05)
  - /Users/ramsbaby/openclaw/config-history/20260205-175929-auto-watch.json (Feb 5 17:59)
  - /Users/ramsbaby/openclaw/config-history/20260205-171409-auto-watch.json (Feb 5 17:14)
  - /Users/ramsbaby/openclaw/config-history/20260205-165359-auto-watch.json (Feb 5 16:53)

[2026-02-05 20:57:25] Config changed detected!
✅ Config backup created: /Users/ramsbaby/openclaw/config-history/20260205-205725-auto-watch.json (8.0K)

📋 Recent backups:
  - /Users/ramsbaby/openclaw/config-history/20260205-205725-auto-watch.json (Feb 5 20:57)
  - /Users/ramsbaby/openclaw/config-history/20260205-204046-auto-watch.json (Feb 5 20:40)
  - /Users/ramsbaby/openclaw/config-history/20260205-180515-auto-watch.json (Feb 5 18:05)
  - /Users/ramsbaby/openclaw/config-history/20260205-175929-auto-watch.json (Feb 5 17:59)
  - /Users/ramsbaby/openclaw/config-history/20260205-171409-auto-watch.json (Feb 5 17:14)

[2026-02-05 23:22:44] Config changed detected!
✅ Config backup created: /Users/ramsbaby/openclaw/config-history/20260205-232244-auto-watch.json (8.0K)

📋 Recent backups:
  - /Users/ramsbaby/openclaw/config-history/20260205-232244-auto-watch.json (Feb 5 23:22)
  - /Users/ramsbaby/openclaw/config-history/20260205-205725-auto-watch.json (Feb 5 20:57)
  - /Users/ramsbaby/openclaw/config-history/20260205-204046-auto-watch.json (Feb 5 20:40)
  - /Users/ramsbaby/openclaw/config-history/20260205-180515-auto-watch.json (Feb 5 18:05)
  - /Users/ramsbaby/openclaw/config-history/20260205-175929-auto-watch.json (Feb 5 17:59)

